<?xml version="1.0" encoding="UTF-8"?>
<testng-results ignored="0" total="1" passed="1" failed="0" skipped="0">
  <reporter-output>
  </reporter-output>
  <suite started-at="2022-02-03T01:03:44 IST" name="Default suite" finished-at="2022-02-03T01:03:55 IST" duration-ms="11491">
    <groups>
    </groups>
    <test started-at="2022-02-03T01:03:44 IST" name="Default test" finished-at="2022-02-03T01:03:55 IST" duration-ms="11491">
      <class name="MouseAction.LoginPageTest">
        <test-method is-config="true" signature="setUp()[pri:0, instance:MouseAction.LoginPageTest@6b8ca3c8]" started-at="2022-02-03T01:03:44 IST" name="setUp" finished-at="2022-02-03T01:03:46 IST" duration-ms="1703" status="PASS">
          <reporter-output>
          </reporter-output>
        </test-method> <!-- setUp -->
        <test-method signature="loginTest()[pri:0, instance:MouseAction.LoginPageTest@6b8ca3c8]" started-at="2022-02-03T01:03:46 IST" name="loginTest" finished-at="2022-02-03T01:03:51 IST" duration-ms="5590" status="PASS">
          <reporter-output>
          </reporter-output>
        </test-method> <!-- loginTest -->
        <test-method is-config="true" signature="tearDown()[pri:0, instance:MouseAction.LoginPageTest@6b8ca3c8]" started-at="2022-02-03T01:03:51 IST" name="tearDown" finished-at="2022-02-03T01:03:55 IST" duration-ms="4172" status="PASS">
          <reporter-output>
          </reporter-output>
        </test-method> <!-- tearDown -->
      </class> <!-- MouseAction.LoginPageTest -->
    </test> <!-- Default test -->
  </suite> <!-- Default suite -->
</testng-results>
